<?xml version="1.0" encoding="UTF-8"?>
<!-- Generated by org.testng.reporters.JUnitReportReporter -->
<testsuite hostname="DESKTOP-G7JNF0B" failures="0" tests="1" name="p2.Testprgm2" time="31.152" errors="0" timestamp="2023-07-07T10:33:52 IST" skipped="0">
  <testcase classname="p2.Testprgm2" name="testing" time="31.152"/>
  <system-out/>
</testsuite> <!-- p2.Testprgm2 -->
